[    22.904] (--) Log file renamed from "/home/manjaro/.local/share/xorg/Xorg.pid-801.log" to "/home/manjaro/.local/share/xorg/Xorg.0.log"
[    22.907] 
X.Org X Server 1.21.1.7
X Protocol Version 11, Revision 0
[    22.907] Current Operating System: Linux manjaro-gnome 6.1.19-1-MANJARO #1 SMP PREEMPT_DYNAMIC Mon Mar 13 12:59:35 UTC 2023 x86_64
[    22.907] Kernel command line: BOOT_IMAGE=/boot/vmlinuz-x86_64 lang=en_US keytable=us tz=UTC misobasedir=manjaro misolabel=MANJARO_GNOME_2205 quiet systemd.show_status=1 splash driver=free nouveau.modeset=1 i915.modeset=1 radeon.modeset=1
[    22.907]  
[    22.907] Current version of pixman: 0.42.2
[    22.907] 	Before reporting problems, check http://wiki.x.org
	to make sure that you have the latest version.
[    22.907] Markers: (--) probed, (**) from config file, (==) default setting,
	(++) from command line, (!!) notice, (II) informational,
	(WW) warning, (EE) error, (NI) not implemented, (??) unknown.
[    22.907] (==) Log file: "/home/manjaro/.local/share/xorg/Xorg.0.log", Time: Fri Mar 17 18:06:49 2023
[    22.908] (==) Using config directory: "/etc/X11/xorg.conf.d"
[    22.908] (==) Using system config directory "/usr/share/X11/xorg.conf.d"
[    22.909] (==) No Layout section.  Using the first Screen section.
[    22.909] (==) No screen section available. Using defaults.
[    22.909] (**) |-->Screen "Default Screen Section" (0)
[    22.909] (**) |   |-->Monitor "<default monitor>"
[    22.909] (==) No monitor specified for screen "Default Screen Section".
	Using a default monitor configuration.
[    22.909] (==) Automatically adding devices
[    22.909] (==) Automatically enabling devices
[    22.909] (==) Automatically adding GPU devices
[    22.909] (==) Automatically binding GPU devices
[    22.910] (==) Max clients allowed: 256, resource mask: 0x1fffff
[    22.911] (WW) The directory "/usr/share/fonts/misc" does not exist.
[    22.911] 	Entry deleted from font path.
[    22.911] (WW) The directory "/usr/share/fonts/OTF" does not exist.
[    22.911] 	Entry deleted from font path.
[    22.911] (WW) The directory "/usr/share/fonts/Type1" does not exist.
[    22.911] 	Entry deleted from font path.
[    22.911] (WW) The directory "/usr/share/fonts/100dpi" does not exist.
[    22.911] 	Entry deleted from font path.
[    22.911] (WW) The directory "/usr/share/fonts/75dpi" does not exist.
[    22.911] 	Entry deleted from font path.
[    22.911] (==) FontPath set to:
	/usr/share/fonts/TTF
[    22.911] (==) ModulePath set to "/usr/lib/xorg/modules"
[    22.911] (II) The server relies on udev to provide the list of input devices.
	If no devices become available, reconfigure udev or disable AutoAddDevices.
[    22.911] (II) Module ABI versions:
[    22.911] 	X.Org ANSI C Emulation: 0.4
[    22.911] 	X.Org Video Driver: 25.2
[    22.911] 	X.Org XInput driver : 24.4
[    22.911] 	X.Org Server Extension : 10.0
[    22.912] (++) using VT number 2

[    22.913] (II) systemd-logind: took control of session /org/freedesktop/login1/session/_31
[    22.914] (II) xfree86: Adding drm device (/dev/dri/card0)
[    22.914] (II) Platform probe for /sys/devices/pci0000:00/0000:00:02.0/drm/card0
[    22.915] (II) systemd-logind: got fd for /dev/dri/card0 226:0 fd 14 paused 0
[    22.917] (--) PCI:*(0@0:2:0) 15ad:0405:15ad:0405 rev 0, Mem @ 0xe0000000/16777216, 0xf0000000/2097152, I/O @ 0x0000d010/16, BIOS @ 0x????????/131072
[    22.917] (WW) Open ACPI failed (/var/run/acpid.socket) (No such file or directory)
[    22.917] (II) LoadModule: "glx"
[    22.917] (II) Loading /usr/lib/xorg/modules/extensions/libglx.so
[    22.921] (II) Module glx: vendor="X.Org Foundation"
[    22.921] 	compiled for 1.21.1.7, module version = 1.0.0
[    22.921] 	ABI class: X.Org Server Extension, version 10.0
[    22.921] (==) Matched vmware as autoconfigured driver 0
[    22.921] (==) Matched modesetting as autoconfigured driver 1
[    22.921] (==) Matched fbdev as autoconfigured driver 2
[    22.921] (==) Matched vesa as autoconfigured driver 3
[    22.921] (==) Assigned the driver to the xf86ConfigLayout
[    22.921] (II) LoadModule: "vmware"
[    22.921] (II) Loading /usr/lib/xorg/modules/drivers/vmware_drv.so
[    23.122] (II) Module vmware: vendor="X.Org Foundation"
[    23.122] 	compiled for 1.21.1.6, module version = 13.4.0
[    23.122] 	Module class: X.Org Video Driver
[    23.122] 	ABI class: X.Org Video Driver, version 25.2
[    23.122] (II) LoadModule: "modesetting"
[    23.122] (II) Loading /usr/lib/xorg/modules/drivers/modesetting_drv.so
[    23.123] (II) Module modesetting: vendor="X.Org Foundation"
[    23.123] 	compiled for 1.21.1.7, module version = 1.21.1
[    23.123] 	Module class: X.Org Video Driver
[    23.123] 	ABI class: X.Org Video Driver, version 25.2
[    23.123] (II) LoadModule: "fbdev"
[    23.124] (WW) Warning, couldn't open module fbdev
[    23.124] (EE) Failed to load module "fbdev" (module does not exist, 0)
[    23.124] (II) LoadModule: "vesa"
[    23.124] (WW) Warning, couldn't open module vesa
[    23.124] (EE) Failed to load module "vesa" (module does not exist, 0)
[    23.124] (II) vmware: driver for VMware SVGA: vmware0405, vmware0710
[    23.124] (II) modesetting: Driver for Modesetting Kernel Drivers: kms
[    23.124] (WW) Falling back to old probe method for modesetting
[    23.124] (WW) VGA arbiter: cannot open kernel arbiter, no multi-card support
[    23.124] (II) vmware(0): Creating default Display subsection in Screen section
	"Default Screen Section" for depth/fbbpp 24/32
[    23.124] (--) vmware(0): DRM driver version is 2.20.0
[    23.124] (==) vmware(0): Depth 24, (--) framebuffer bpp 32
[    23.124] (==) vmware(0): RGB weight 888
[    23.124] (==) vmware(0): Default visual is TrueColor
[    23.124] (--) vmware(0): Min width 1, Max Width 8192.
[    23.124] (--) vmware(0): Min height 1, Max Height 8192.
[    23.124] (II) vmware(0): Output Virtual1 has no monitor section
[    23.124] (II) vmware(0): Output Virtual2 has no monitor section
[    23.124] (II) vmware(0): Output Virtual3 has no monitor section
[    23.124] (II) vmware(0): Output Virtual4 has no monitor section
[    23.124] (II) vmware(0): Output Virtual5 has no monitor section
[    23.124] (II) vmware(0): Output Virtual6 has no monitor section
[    23.124] (II) vmware(0): Output Virtual7 has no monitor section
[    23.124] (II) vmware(0): Output Virtual8 has no monitor section
[    23.124] (II) vmware(0): Printing probed modes for output Virtual1
[    23.124] (II) vmware(0): Modeline "1910x938"x60.0  134.47  1910 1960 2010 2060  938 988 1038 1088 -hsync +vsync (65.3 kHz eP)
[    23.124] (II) vmware(0): Modeline "2560x1600"x60.0  348.50  2560 2752 3032 3504  1600 1603 1609 1658 -hsync +vsync (99.5 kHz e)
[    23.124] (II) vmware(0): Modeline "2560x1440"x60.0  241.50  2560 2608 2640 2720  1440 1443 1448 1481 +hsync -vsync (88.8 kHz e)
[    23.124] (II) vmware(0): Modeline "1920x1440"x60.0  234.00  1920 2048 2256 2600  1440 1441 1444 1500 -hsync +vsync (90.0 kHz e)
[    23.124] (II) vmware(0): Modeline "1856x1392"x60.0  218.25  1856 1952 2176 2528  1392 1393 1396 1439 -hsync +vsync (86.3 kHz e)
[    23.124] (II) vmware(0): Modeline "1792x1344"x60.0  204.75  1792 1920 2120 2448  1344 1345 1348 1394 -hsync +vsync (83.6 kHz e)
[    23.124] (II) vmware(0): Modeline "1920x1200"x59.9  193.25  1920 2056 2256 2592  1200 1203 1209 1245 -hsync +vsync (74.6 kHz e)
[    23.124] (II) vmware(0): Modeline "1920x1080"x60.0  173.00  1920 2048 2248 2576  1080 1083 1088 1120 -hsync +vsync (67.2 kHz e)
[    23.125] (II) vmware(0): Modeline "1600x1200"x60.0  162.00  1600 1664 1856 2160  1200 1201 1204 1250 +hsync +vsync (75.0 kHz e)
[    23.125] (II) vmware(0): Modeline "1680x1050"x60.0  146.25  1680 1784 1960 2240  1050 1053 1059 1089 -hsync +vsync (65.3 kHz e)
[    23.125] (II) vmware(0): Modeline "1400x1050"x60.0  121.75  1400 1488 1632 1864  1050 1053 1057 1089 -hsync +vsync (65.3 kHz e)
[    23.125] (II) vmware(0): Modeline "1280x1024"x60.0  108.00  1280 1328 1440 1688  1024 1025 1028 1066 +hsync +vsync (64.0 kHz e)
[    23.125] (II) vmware(0): Modeline "1440x900"x59.9  106.50  1440 1520 1672 1904  900 903 909 934 -hsync +vsync (55.9 kHz e)
[    23.125] (II) vmware(0): Modeline "1280x960"x60.0  108.00  1280 1376 1488 1800  960 961 964 1000 +hsync +vsync (60.0 kHz e)
[    23.125] (II) vmware(0): Modeline "1360x768"x60.0   85.50  1360 1424 1536 1792  768 771 777 795 +hsync +vsync (47.7 kHz e)
[    23.125] (II) vmware(0): Modeline "1280x800"x59.8   83.50  1280 1352 1480 1680  800 803 809 831 +hsync -vsync (49.7 kHz e)
[    23.125] (II) vmware(0): Modeline "1152x864"x75.0  108.00  1152 1216 1344 1600  864 865 868 900 +hsync +vsync (67.5 kHz e)
[    23.125] (II) vmware(0): Modeline "1280x768"x59.9   79.50  1280 1344 1472 1664  768 771 778 798 -hsync +vsync (47.8 kHz e)
[    23.125] (II) vmware(0): Modeline "1280x720"x59.9   74.50  1280 1344 1472 1664  720 723 728 748 -hsync +vsync (44.8 kHz e)
[    23.125] (II) vmware(0): Modeline "1024x768"x60.0   65.00  1024 1048 1184 1344  768 771 777 806 -hsync -vsync (48.4 kHz e)
[    23.125] (II) vmware(0): Modeline "800x600"x60.3   40.00  800 840 968 1056  600 601 605 628 +hsync +vsync (37.9 kHz e)
[    23.125] (II) vmware(0): Modeline "640x480"x59.9   25.18  640 656 752 800  480 489 492 525 -hsync -vsync (31.5 kHz e)
[    23.125] (II) vmware(0): EDID for output Virtual2
[    23.125] (II) vmware(0): EDID for output Virtual3
[    23.125] (II) vmware(0): EDID for output Virtual4
[    23.125] (II) vmware(0): EDID for output Virtual5
[    23.125] (II) vmware(0): EDID for output Virtual6
[    23.125] (II) vmware(0): EDID for output Virtual7
[    23.125] (II) vmware(0): EDID for output Virtual8
[    23.125] (II) vmware(0): Output Virtual1 connected
[    23.125] (II) vmware(0): Output Virtual2 disconnected
[    23.125] (II) vmware(0): Output Virtual3 disconnected
[    23.125] (II) vmware(0): Output Virtual4 disconnected
[    23.125] (II) vmware(0): Output Virtual5 disconnected
[    23.125] (II) vmware(0): Output Virtual6 disconnected
[    23.125] (II) vmware(0): Output Virtual7 disconnected
[    23.125] (II) vmware(0): Output Virtual8 disconnected
[    23.125] (II) vmware(0): Using exact sizes for initial modes
[    23.125] (II) vmware(0): Output Virtual1 using initial mode 1910x938 +0+0
[    23.125] (==) vmware(0): DPI set to (96, 96)
[    23.125] (==) vmware(0): Using gamma correction (1.0, 1.0, 1.0)
[    23.125] (II) Loading sub module "fb"
[    23.125] (II) LoadModule: "fb"
[    23.125] (II) Module "fb" already built-in
[    23.125] (II) Loading sub module "dri2"
[    23.125] (II) LoadModule: "dri2"
[    23.125] (II) Module "dri2" already built-in
[    23.125] (II) Loading sub module "dri3"
[    23.125] (II) LoadModule: "dri3"
[    23.125] (II) Module "dri3" already built-in
[    23.125] (II) UnloadModule: "modesetting"
[    23.125] (II) Unloading modesetting
[    23.125] (II) vmware(0): Initialized VMWARE_CTRL extension version 0.2
[    23.128] (WW) vmware(0): Failed to initialize Gallium3D Xa. No render acceleration available.
[    23.128] (WW) vmware(0): Skipped initialization of direct rendering due to lack of render acceleration.
[    23.128] (--) vmware(0): Render acceleration is disabled.
[    23.128] (==) vmware(0): Rendercheck mode is disabled.
[    23.128] (--) vmware(0): Direct rendering (DRI2 3D) is disabled.
[    23.128] (--) vmware(0): Direct rendering (DRI3 3D) is disabled.
[    23.128] (==) vmware(0): Backing store enabled
[    23.128] (==) vmware(0): Silken mouse enabled
[    23.129] (==) vmware(0): DPMS enabled
[    23.129] (II) vmware(0): No 3D acceleration. Not setting up textured video.
[    23.129] (WW) vmware(0): Disabling Xv because no adaptors could be initialized.
[    23.129] (II) Initializing extension Generic Event Extension
[    23.129] (II) Initializing extension SHAPE
[    23.129] (II) Initializing extension MIT-SHM
[    23.129] (II) Initializing extension XInputExtension
[    23.129] (II) Initializing extension XTEST
[    23.130] (II) Initializing extension BIG-REQUESTS
[    23.130] (II) Initializing extension SYNC
[    23.130] (II) Initializing extension XKEYBOARD
[    23.130] (II) Initializing extension XC-MISC
[    23.130] (II) Initializing extension SECURITY
[    23.130] (II) Initializing extension XFIXES
[    23.131] (II) Initializing extension RENDER
[    23.131] (II) Initializing extension RANDR
[    23.131] (II) Initializing extension COMPOSITE
[    23.131] (II) Initializing extension DAMAGE
[    23.131] (II) Initializing extension MIT-SCREEN-SAVER
[    23.132] (II) Initializing extension DOUBLE-BUFFER
[    23.132] (II) Initializing extension RECORD
[    23.132] (II) Initializing extension DPMS
[    23.132] (II) Initializing extension Present
[    23.132] (II) Initializing extension DRI3
[    23.132] (II) Initializing extension X-Resource
[    23.132] (II) Initializing extension XVideo
[    23.133] (II) Initializing extension XVideo-MotionCompensation
[    23.133] (II) Initializing extension GLX
[    23.133] (II) AIGLX: Screen 0 is not DRI2 capable
[    23.183] (II) IGLX: Loaded and initialized swrast
[    23.183] (II) GLX: Initialized DRISWRAST GL provider for screen 0
[    23.183] (II) Initializing extension XFree86-VidModeExtension
[    23.184] (II) Initializing extension XFree86-DGA
[    23.184] (II) Initializing extension XFree86-DRI
[    23.184] (II) Initializing extension DRI2
[    23.187] (II) vmware(0): Setting screen physical size to 505 x 248
[    23.261] (II) config/udev: Adding input device Power Button (/dev/input/event0)
[    23.261] (**) Power Button: Applying InputClass "evdev keyboard catchall"
[    23.261] (**) Power Button: Applying InputClass "libinput keyboard catchall"
[    23.261] (**) Power Button: Applying InputClass "system-keyboard"
[    23.261] (II) LoadModule: "libinput"
[    23.261] (II) Loading /usr/lib/xorg/modules/input/libinput_drv.so
[    23.263] (II) Module libinput: vendor="X.Org Foundation"
[    23.263] 	compiled for 1.21.1.3, module version = 1.2.1
[    23.263] 	Module class: X.Org XInput Driver
[    23.263] 	ABI class: X.Org XInput driver, version 24.4
[    23.263] (II) Using input driver 'libinput' for 'Power Button'
[    23.264] (II) systemd-logind: got fd for /dev/input/event0 13:64 fd 22 paused 0
[    23.265] (**) Power Button: always reports core events
[    23.265] (**) Option "Device" "/dev/input/event0"
[    23.269] (II) event0  - Power Button: is tagged by udev as: Keyboard
[    23.269] (II) event0  - Power Button: device is a keyboard
[    23.269] (II) event0  - Power Button: device removed
[    23.269] (**) Option "config_info" "udev:/sys/devices/LNXSYSTM:00/LNXPWRBN:00/input/input0/event0"
[    23.269] (II) XINPUT: Adding extended input device "Power Button" (type: KEYBOARD, id 6)
[    23.269] (**) Option "xkb_model" "pc105+inet"
[    23.269] (**) Option "xkb_layout" "us"
[    23.269] (WW) Option "xkb_variant" requires a string value
[    23.269] (**) Option "xkb_options" "terminate:ctrl_alt_bksp"
[    23.311] (II) event0  - Power Button: is tagged by udev as: Keyboard
[    23.311] (II) event0  - Power Button: device is a keyboard
[    23.312] (II) config/udev: Adding input device Sleep Button (/dev/input/event1)
[    23.312] (**) Sleep Button: Applying InputClass "evdev keyboard catchall"
[    23.312] (**) Sleep Button: Applying InputClass "libinput keyboard catchall"
[    23.312] (**) Sleep Button: Applying InputClass "system-keyboard"
[    23.312] (II) Using input driver 'libinput' for 'Sleep Button'
[    23.313] (II) systemd-logind: got fd for /dev/input/event1 13:65 fd 25 paused 0
[    23.313] (**) Sleep Button: always reports core events
[    23.313] (**) Option "Device" "/dev/input/event1"
[    23.314] (II) event1  - Sleep Button: is tagged by udev as: Keyboard
[    23.315] (II) event1  - Sleep Button: device is a keyboard
[    23.315] (II) event1  - Sleep Button: device removed
[    23.315] (**) Option "config_info" "udev:/sys/devices/LNXSYSTM:00/LNXSLPBN:00/input/input1/event1"
[    23.315] (II) XINPUT: Adding extended input device "Sleep Button" (type: KEYBOARD, id 7)
[    23.315] (**) Option "xkb_model" "pc105+inet"
[    23.315] (**) Option "xkb_layout" "us"
[    23.315] (WW) Option "xkb_variant" requires a string value
[    23.315] (**) Option "xkb_options" "terminate:ctrl_alt_bksp"
[    23.316] (II) event1  - Sleep Button: is tagged by udev as: Keyboard
[    23.316] (II) event1  - Sleep Button: device is a keyboard
[    23.317] (II) config/udev: Adding input device Video Bus (/dev/input/event2)
[    23.317] (**) Video Bus: Applying InputClass "evdev keyboard catchall"
[    23.317] (**) Video Bus: Applying InputClass "libinput keyboard catchall"
[    23.317] (**) Video Bus: Applying InputClass "system-keyboard"
[    23.317] (II) Using input driver 'libinput' for 'Video Bus'
[    23.318] (II) systemd-logind: got fd for /dev/input/event2 13:66 fd 26 paused 0
[    23.318] (**) Video Bus: always reports core events
[    23.318] (**) Option "Device" "/dev/input/event2"
[    23.319] (II) event2  - Video Bus: is tagged by udev as: Keyboard
[    23.319] (II) event2  - Video Bus: device is a keyboard
[    23.319] (II) event2  - Video Bus: device removed
[    23.319] (**) Option "config_info" "udev:/sys/devices/LNXSYSTM:00/LNXSYBUS:00/PNP0A03:00/LNXVIDEO:00/input/input2/event2"
[    23.319] (II) XINPUT: Adding extended input device "Video Bus" (type: KEYBOARD, id 8)
[    23.319] (**) Option "xkb_model" "pc105+inet"
[    23.320] (**) Option "xkb_layout" "us"
[    23.320] (WW) Option "xkb_variant" requires a string value
[    23.320] (**) Option "xkb_options" "terminate:ctrl_alt_bksp"
[    23.321] (II) event2  - Video Bus: is tagged by udev as: Keyboard
[    23.321] (II) event2  - Video Bus: device is a keyboard
[    23.322] (II) config/udev: Adding input device VirtualBox mouse integration (/dev/input/event3)
[    23.322] (**) VirtualBox mouse integration: Applying InputClass "evdev pointer catchall"
[    23.322] (**) VirtualBox mouse integration: Applying InputClass "libinput pointer catchall"
[    23.322] (II) Using input driver 'libinput' for 'VirtualBox mouse integration'
[    23.323] (II) systemd-logind: got fd for /dev/input/event3 13:67 fd 27 paused 0
[    23.323] (**) VirtualBox mouse integration: always reports core events
[    23.323] (**) Option "Device" "/dev/input/event3"
[    23.324] (II) event3  - VirtualBox mouse integration: is tagged by udev as: Mouse
[    23.324] (II) event3  - VirtualBox mouse integration: device is a pointer
[    23.324] (II) event3  - VirtualBox mouse integration: device removed
[    23.324] (**) Option "config_info" "udev:/sys/devices/pci0000:00/0000:00:04.0/input/input3/event3"
[    23.324] (II) XINPUT: Adding extended input device "VirtualBox mouse integration" (type: MOUSE, id 9)
[    23.325] (**) Option "AccelerationScheme" "none"
[    23.325] (**) VirtualBox mouse integration: (accel) selected scheme none/0
[    23.325] (**) VirtualBox mouse integration: (accel) acceleration factor: 2.000
[    23.325] (**) VirtualBox mouse integration: (accel) acceleration threshold: 4
[    23.325] (II) event3  - VirtualBox mouse integration: is tagged by udev as: Mouse
[    23.325] (II) event3  - VirtualBox mouse integration: device is a pointer
[    23.326] (II) config/udev: Adding input device VirtualBox mouse integration (/dev/input/js0)
[    23.326] (II) No input driver specified, ignoring this device.
[    23.326] (II) This device may have been added with another device file.
[    23.326] (II) config/udev: Adding input device VirtualBox mouse integration (/dev/input/mouse0)
[    23.326] (II) No input driver specified, ignoring this device.
[    23.326] (II) This device may have been added with another device file.
[    23.327] (II) config/udev: Adding input device VirtualBox USB Tablet (/dev/input/event5)
[    23.327] (**) VirtualBox USB Tablet: Applying InputClass "evdev pointer catchall"
[    23.327] (**) VirtualBox USB Tablet: Applying InputClass "libinput pointer catchall"
[    23.327] (II) Using input driver 'libinput' for 'VirtualBox USB Tablet'
[    23.328] (II) systemd-logind: got fd for /dev/input/event5 13:69 fd 28 paused 0
[    23.328] (**) VirtualBox USB Tablet: always reports core events
[    23.328] (**) Option "Device" "/dev/input/event5"
[    23.330] (II) event5  - VirtualBox USB Tablet: is tagged by udev as: Mouse
[    23.330] (II) event5  - VirtualBox USB Tablet: device is a pointer
[    23.330] (II) event5  - VirtualBox USB Tablet: device removed
[    23.330] (**) Option "config_info" "udev:/sys/devices/pci0000:00/0000:00:06.0/usb2/2-1/2-1:1.0/0003:80EE:0021.0001/input/input6/event5"
[    23.330] (II) XINPUT: Adding extended input device "VirtualBox USB Tablet" (type: MOUSE, id 10)
[    23.331] (**) Option "AccelerationScheme" "none"
[    23.331] (**) VirtualBox USB Tablet: (accel) selected scheme none/0
[    23.331] (**) VirtualBox USB Tablet: (accel) acceleration factor: 2.000
[    23.331] (**) VirtualBox USB Tablet: (accel) acceleration threshold: 4
[    23.332] (II) event5  - VirtualBox USB Tablet: is tagged by udev as: Mouse
[    23.332] (II) event5  - VirtualBox USB Tablet: device is a pointer
[    23.333] (II) config/udev: Adding input device VirtualBox USB Tablet (/dev/input/js1)
[    23.333] (II) No input driver specified, ignoring this device.
[    23.333] (II) This device may have been added with another device file.
[    23.333] (II) config/udev: Adding input device VirtualBox USB Tablet (/dev/input/mouse1)
[    23.333] (II) No input driver specified, ignoring this device.
[    23.333] (II) This device may have been added with another device file.
[    23.334] (II) config/udev: Adding input device AT Translated Set 2 keyboard (/dev/input/event4)
[    23.334] (**) AT Translated Set 2 keyboard: Applying InputClass "evdev keyboard catchall"
[    23.334] (**) AT Translated Set 2 keyboard: Applying InputClass "libinput keyboard catchall"
[    23.334] (**) AT Translated Set 2 keyboard: Applying InputClass "system-keyboard"
[    23.334] (II) Using input driver 'libinput' for 'AT Translated Set 2 keyboard'
[    23.335] (II) systemd-logind: got fd for /dev/input/event4 13:68 fd 29 paused 0
[    23.335] (**) AT Translated Set 2 keyboard: always reports core events
[    23.335] (**) Option "Device" "/dev/input/event4"
[    23.336] (II) event4  - AT Translated Set 2 keyboard: is tagged by udev as: Keyboard
[    23.336] (II) event4  - AT Translated Set 2 keyboard: device is a keyboard
[    23.337] (II) event4  - AT Translated Set 2 keyboard: device removed
[    23.337] (**) Option "config_info" "udev:/sys/devices/platform/i8042/serio0/input/input4/event4"
[    23.337] (II) XINPUT: Adding extended input device "AT Translated Set 2 keyboard" (type: KEYBOARD, id 11)
[    23.337] (**) Option "xkb_model" "pc105+inet"
[    23.337] (**) Option "xkb_layout" "us"
[    23.337] (WW) Option "xkb_variant" requires a string value
[    23.337] (**) Option "xkb_options" "terminate:ctrl_alt_bksp"
[    23.338] (II) event4  - AT Translated Set 2 keyboard: is tagged by udev as: Keyboard
[    23.338] (II) event4  - AT Translated Set 2 keyboard: device is a keyboard
[    23.339] (II) config/udev: Adding input device ImExPS/2 Generic Explorer Mouse (/dev/input/event7)
[    23.339] (**) ImExPS/2 Generic Explorer Mouse: Applying InputClass "evdev pointer catchall"
[    23.339] (**) ImExPS/2 Generic Explorer Mouse: Applying InputClass "libinput pointer catchall"
[    23.339] (II) Using input driver 'libinput' for 'ImExPS/2 Generic Explorer Mouse'
[    23.340] (II) systemd-logind: got fd for /dev/input/event7 13:71 fd 30 paused 0
[    23.340] (**) ImExPS/2 Generic Explorer Mouse: always reports core events
[    23.340] (**) Option "Device" "/dev/input/event7"
[    23.340] (II) event7  - ImExPS/2 Generic Explorer Mouse: is tagged by udev as: Mouse
[    23.341] (II) event7  - ImExPS/2 Generic Explorer Mouse: device is a pointer
[    23.341] (II) event7  - ImExPS/2 Generic Explorer Mouse: device removed
[    23.341] (**) Option "config_info" "udev:/sys/devices/platform/i8042/serio1/input/input7/event7"
[    23.341] (II) XINPUT: Adding extended input device "ImExPS/2 Generic Explorer Mouse" (type: MOUSE, id 12)
[    23.341] (**) Option "AccelerationScheme" "none"
[    23.341] (**) ImExPS/2 Generic Explorer Mouse: (accel) selected scheme none/0
[    23.341] (**) ImExPS/2 Generic Explorer Mouse: (accel) acceleration factor: 2.000
[    23.341] (**) ImExPS/2 Generic Explorer Mouse: (accel) acceleration threshold: 4
[    23.342] (II) event7  - ImExPS/2 Generic Explorer Mouse: is tagged by udev as: Mouse
[    23.342] (II) event7  - ImExPS/2 Generic Explorer Mouse: device is a pointer
[    23.343] (II) config/udev: Adding input device ImExPS/2 Generic Explorer Mouse (/dev/input/mouse2)
[    23.343] (II) No input driver specified, ignoring this device.
[    23.343] (II) This device may have been added with another device file.
[    23.343] (II) config/udev: Adding input device PC Speaker (/dev/input/event6)
[    23.343] (II) No input driver specified, ignoring this device.
[    23.343] (II) This device may have been added with another device file.
[    33.827] (EE) event3  - VirtualBox mouse integration: client bug: event processing lagging behind by 118ms, your system is too slow
