00:00:00.001247 VirtualBox DHCP Server 7.0.6 r155176 linux.amd64 (Feb 22 2023 15:36:54) release log
00:00:00.001251 Log opened 2023-03-16T16:01:33.290827000Z
00:00:00.001253 Build Type: release
00:00:00.001258 OS Product: Linux
00:00:00.001262 OS Release: 6.2.6-arch1-1
00:00:00.001266 OS Version: #1 SMP PREEMPT_DYNAMIC Mon, 13 Mar 2023 17:02:08 +0000
00:00:00.001313 DMI Product Name: OMEN by HP Laptop 15-dc0xxx
00:00:00.001334 DMI Product Version: 
00:00:00.001344 Firmware type: UEFI
00:00:00.002536 Secure Boot: Disabled
00:00:00.002617 Host RAM: 15803MB (15.4GB) total, 9013MB (8.8GB) available
00:00:00.002625 Executable: /usr/lib/virtualbox/VBoxNetDHCP
00:00:00.002626 Process ID: 2392684
00:00:00.002628 Package type: LINUX_64BITS_GENERIC (OSE)
00:00:00.002677 --config:  NatNetwork
00:00:00.002692 --comment: NatNetwork
00:00:00.002986 IP address:   10.0.2.3/24
00:00:00.003002 Address pool: 10.0.2.4 - 10.0.2.254
00:00:00.003061 MAC address is not specified: will use generated MAC 08:00:27:fa:a3:ff
00:00:00.003075 Db::i_enterFixedAddressAssignment: 08:00:27:fa:a3:ff: 10.0.2.3
00:00:00.003086 loading leases from /home/yisus_christ/.config/VirtualBox/NatNetwork-Dhcpd.leases
00:00:00.003190 > LOAD: EXPIRED lease 10.0.2.5 to [01:08:00:27:18:c5:b6] (08:00:27:18:c5:b6), expired, valid from 2023-03-15T16:54:10Z for 600s until 2023-03-15T17:04:10Z
00:00:00.003223 > LOAD: EXPIRED lease 10.0.2.4 to 08:00:27:d8:e5:92, expired, valid from 2023-03-15T16:53:55Z for 600s until 2023-03-15T17:03:55Z
00:00:00.003279 SUP: Opened VMMR0.r0 (/usr/lib/virtualbox/VMMR0.r0) at 0xXXXXXXXXXXXXXXXX.
00:00:26.312861 DISCOVER xid 0x60acb5ac chaddr 08:00:27:18:c5:b6
00:00:26.313004  ciaddr 0.0.0.0
00:00:26.313013  client id: 01 08 00 27 18 c5 b6
00:00:26.313019  params { 1 2 6 12 15 26 28 121 3 33 40 41 42 119 249 252 17 }
00:00:26.313076   12: 'kali'
00:00:26.313080   57: 02 40
00:00:26.313086 > allocateAddress to client [01:08:00:27:18:c5:b6] (08:00:27:18:c5:b6)
00:00:26.313095 > ... found existing binding 10.0.2.5 to [01:08:00:27:18:c5:b6] (08:00:27:18:c5:b6), expired, valid from 2023-03-15T16:54:10Z for 600s until 2023-03-15T17:04:10Z
00:00:26.313115 Lease time 600 secs (default)
00:00:26.313123 >>> requested option 1 (SubnetMask)
00:00:26.313128 ... always supplied
00:00:26.313131 >>> requested option 2 (TimeOffset)
00:00:26.313136 ... not found
00:00:26.313139 >>> requested option 6 (DNSes)
00:00:26.313144 ... found in GlobalConfig (type global)
00:00:26.313148 >>> requested option 12 (HostName)
00:00:26.313152 ... not found
00:00:26.313156 >>> requested option 15 (DomainName)
00:00:26.313160 ... found in GlobalConfig (type global)
00:00:26.313164 >>> requested option 26 (InterfaceMTU)
00:00:26.313167 ... not found
00:00:26.313171 >>> requested option 28 (BroadcastAddress)
00:00:26.313175 ... not found
00:00:26.313178 >>> requested option 121 (unknown)
00:00:26.313181 ... not found
00:00:26.313185 >>> requested option 3 (Routers)
00:00:26.313189 ... found in GlobalConfig (type global)
00:00:26.313193 >>> requested option 33 (StaticRoute)
00:00:26.313197 ... not found
00:00:26.313201 >>> requested option 40 (NISDomain)
00:00:26.313204 ... not found
00:00:26.313208 >>> requested option 41 (NISServers)
00:00:26.313212 ... not found
00:00:26.313215 >>> requested option 42 (NTPServers)
00:00:26.313219 ... not found
00:00:26.313222 >>> requested option 119 (DomainSearch)
00:00:26.313226 ... not found
00:00:26.313230 >>> requested option 249 (unknown)
00:00:26.313234 ... not found
00:00:26.313237 >>> requested option 252 (unknown)
00:00:26.313241 ... not found
00:00:26.313245 >>> requested option 17 (RootPath)
00:00:26.313248 ... not found
00:00:26.313254 encoding option 1 (SubnetMask)
00:00:26.313259 encoding option 3 (Routers)
00:00:26.313263 encoding option 6 (DNSes)
00:00:26.313267 encoding option 15 (DomainName)
00:00:26.313271 encoding option 51 (LeaseTime)
00:00:26.313276 OFFER xid 0x60acb5ac chaddr 08:00:27:18:c5:b6
00:00:26.313288  ciaddr 0.0.0.0 yiaddr 10.0.2.5
00:00:26.313300 encoded message: 548 bytes
00:00:26.313302 00007fc2f00014e0/0000: 02 01 06 00 ac b5 ac 60-00 00 00 00 00 00 00 00 .......`........
00:00:26.313313 00007fc2f00014f0/0010: 0a 00 02 05 00 00 00 00-00 00 00 00 08 00 27 18 ..............'.
00:00:26.313318 00007fc2f0001500/0020: c5 b6 00 00 00 00 00 00-00 00 00 00 00 00 00 00 ................
00:00:26.313323 00007fc2f0001510/0030: 00 00 00 00 00 00 00 00-00 00 00 00 00 00 00 00 ................
00:00:26.313328 00007fc2f0001520/0040: 00 00 00 00 00 00 00 00-00 00 00 00 00 00 00 00 ................
00:00:26.313333 00007fc2f0001530/0050: 00 00 00 00 00 00 00 00-00 00 00 00 00 00 00 00 ................
00:00:26.313338 00007fc2f0001540/0060: 00 00 00 00 00 00 00 00-00 00 00 00 00 00 00 00 ................
00:00:26.313342 00007fc2f0001550/0070: 00 00 00 00 00 00 00 00-00 00 00 00 00 00 00 00 ................
00:00:26.313347 00007fc2f0001560/0080: 00 00 00 00 00 00 00 00-00 00 00 00 00 00 00 00 ................
00:00:26.313351 00007fc2f0001570/0090: 00 00 00 00 00 00 00 00-00 00 00 00 00 00 00 00 ................
00:00:26.313355 00007fc2f0001580/00a0: 00 00 00 00 00 00 00 00-00 00 00 00 00 00 00 00 ................
00:00:26.313360 00007fc2f0001590/00b0: 00 00 00 00 00 00 00 00-00 00 00 00 00 00 00 00 ................
00:00:26.313364 00007fc2f00015a0/00c0: 00 00 00 00 00 00 00 00-00 00 00 00 00 00 00 00 ................
00:00:26.313369 00007fc2f00015b0/00d0: 00 00 00 00 00 00 00 00-00 00 00 00 00 00 00 00 ................
00:00:26.313374 00007fc2f00015c0/00e0: 00 00 00 00 00 00 00 00-00 00 00 00 63 82 53 63 ............c.Sc
00:00:26.313378 00007fc2f00015d0/00f0: 36 04 0a 00 02 03 35 01-02 01 04 ff ff ff 00 03 6.....5.........
00:00:26.313383 00007fc2f00015e0/0100: 04 0a 00 02 01 06 04 0a-00 02 01 0f 01 2e 33 04 ..............3.
00:00:26.313388 00007fc2f00015f0/0110: 00 00 02 58 ff 00 00 00-00 00 00 00 00 00 00 00 ...X............
00:00:26.313393 00007fc2f0001600/0120: 00 00 00 00 00 00 00 00-00 00 00 00 00 00 00 00 ................
00:00:26.313398 00007fc2f0001610/0130: 00 00 00 00 00 00 00 00-00 00 00 00 00 00 00 00 ................
00:00:26.313406 00007fc2f0001620/0140: 00 00 00 00 00 00 00 00-00 00 00 00 00 00 00 00 ................
00:00:26.313411 00007fc2f0001630/0150: 00 00 00 00 00 00 00 00-00 00 00 00 00 00 00 00 ................
00:00:26.313415 00007fc2f0001640/0160: 00 00 00 00 00 00 00 00-00 00 00 00 00 00 00 00 ................
00:00:26.313420 00007fc2f0001650/0170: 00 00 00 00 00 00 00 00-00 00 00 00 00 00 00 00 ................
00:00:26.313425 00007fc2f0001660/0180: 00 00 00 00 00 00 00 00-00 00 00 00 00 00 00 00 ................
00:00:26.313430 00007fc2f0001670/0190: 00 00 00 00 00 00 00 00-00 00 00 00 00 00 00 00 ................
00:00:26.313435 00007fc2f0001680/01a0: 00 00 00 00 00 00 00 00-00 00 00 00 00 00 00 00 ................
00:00:26.313440 00007fc2f0001690/01b0: 00 00 00 00 00 00 00 00-00 00 00 00 00 00 00 00 ................
00:00:26.313445 00007fc2f00016a0/01c0: 00 00 00 00 00 00 00 00-00 00 00 00 00 00 00 00 ................
00:00:26.313450 00007fc2f00016b0/01d0: 00 00 00 00 00 00 00 00-00 00 00 00 00 00 00 00 ................
00:00:26.313454 00007fc2f00016c0/01e0: 00 00 00 00 00 00 00 00-00 00 00 00 00 00 00 00 ................
00:00:26.313459 00007fc2f00016d0/01f0: 00 00 00 00 00 00 00 00-00 00 00 00 00 00 00 00 ................
00:00:26.313464 00007fc2f00016e0/0200: 00 00 00 00 00 00 00 00-00 00 00 00 00 00 00 00 ................
00:00:26.313469 00007fc2f00016f0/0210: 00 00 00 00 00 00 00 00-00 00 00 00 00 00 00 00 ................
00:00:26.313474 00007fc2f0001700/0220: 00 00 00 00                                     ....
00:00:26.320446 REQUEST xid 0x60acb5ac chaddr 08:00:27:18:c5:b6
00:00:26.320476  ciaddr 0.0.0.0
00:00:26.320486  for server 10.0.2.3 client id: 01 08 00 27 18 c5 b6
00:00:26.320499  requested address 10.0.2.5
00:00:26.320510  params { 1 2 6 12 15 26 28 121 3 33 40 41 42 119 249 252 17 }
00:00:26.320590   12: 'kali'
00:00:26.320596   54: 0a 00 02 03
00:00:26.320602   57: 02 40
00:00:26.320609 > allocateAddress 10.0.2.5 to client [01:08:00:27:18:c5:b6] (08:00:27:18:c5:b6)
00:00:26.320621 > ... found existing binding 10.0.2.5 to [01:08:00:27:18:c5:b6] (08:00:27:18:c5:b6), offered, valid from 2023-03-16T16:01:59Z for 600s until 2023-03-16T16:11:59Z
00:00:26.320650 Lease time 600 secs (default)
00:00:26.320657 writing leases to /home/yisus_christ/.config/VirtualBox/NatNetwork-Dhcpd.leases
00:00:26.328124 >>> requested option 1 (SubnetMask)
00:00:26.328135 ... always supplied
00:00:26.328138 >>> requested option 2 (TimeOffset)
00:00:26.328141 ... not found
00:00:26.328144 >>> requested option 6 (DNSes)
00:00:26.328147 ... found in GlobalConfig (type global)
00:00:26.328150 >>> requested option 12 (HostName)
00:00:26.328153 ... not found
00:00:26.328156 >>> requested option 15 (DomainName)
00:00:26.328158 ... found in GlobalConfig (type global)
00:00:26.328161 >>> requested option 26 (InterfaceMTU)
00:00:26.328164 ... not found
00:00:26.328167 >>> requested option 28 (BroadcastAddress)
00:00:26.328170 ... not found
00:00:26.328172 >>> requested option 121 (unknown)
00:00:26.328175 ... not found
00:00:26.328178 >>> requested option 3 (Routers)
00:00:26.328181 ... found in GlobalConfig (type global)
00:00:26.328184 >>> requested option 33 (StaticRoute)
00:00:26.328187 ... not found
00:00:26.328189 >>> requested option 40 (NISDomain)
00:00:26.328192 ... not found
00:00:26.328195 >>> requested option 41 (NISServers)
00:00:26.328197 ... not found
00:00:26.328200 >>> requested option 42 (NTPServers)
00:00:26.328203 ... not found
00:00:26.328205 >>> requested option 119 (DomainSearch)
00:00:26.328208 ... not found
00:00:26.328211 >>> requested option 249 (unknown)
00:00:26.328214 ... not found
00:00:26.328216 >>> requested option 252 (unknown)
00:00:26.328219 ... not found
00:00:26.328222 >>> requested option 17 (RootPath)
00:00:26.328224 ... not found
00:00:26.328229 encoding option 1 (SubnetMask)
00:00:26.328233 encoding option 3 (Routers)
00:00:26.328236 encoding option 6 (DNSes)
00:00:26.328239 encoding option 15 (DomainName)
00:00:26.328242 encoding option 51 (LeaseTime)
00:00:26.328245 ACK xid 0x60acb5ac chaddr 08:00:27:18:c5:b6
00:00:26.328255  ciaddr 0.0.0.0 yiaddr 10.0.2.5
00:00:26.328264 encoded message: 548 bytes
00:00:26.328265 00007fc2f00014e0/0000: 02 01 06 00 ac b5 ac 60-00 00 00 00 00 00 00 00 .......`........
00:00:26.328270 00007fc2f00014f0/0010: 0a 00 02 05 00 00 00 00-00 00 00 00 08 00 27 18 ..............'.
00:00:26.328274 00007fc2f0001500/0020: c5 b6 00 00 00 00 00 00-00 00 00 00 00 00 00 00 ................
00:00:26.328278 00007fc2f0001510/0030: 00 00 00 00 00 00 00 00-00 00 00 00 00 00 00 00 ................
00:00:26.328282 00007fc2f0001520/0040: 00 00 00 00 00 00 00 00-00 00 00 00 00 00 00 00 ................
00:00:26.328285 00007fc2f0001530/0050: 00 00 00 00 00 00 00 00-00 00 00 00 00 00 00 00 ................
00:00:26.328313 00007fc2f0001540/0060: 00 00 00 00 00 00 00 00-00 00 00 00 00 00 00 00 ................
00:00:26.328317 00007fc2f0001550/0070: 00 00 00 00 00 00 00 00-00 00 00 00 00 00 00 00 ................
00:00:26.328320 00007fc2f0001560/0080: 00 00 00 00 00 00 00 00-00 00 00 00 00 00 00 00 ................
00:00:26.328324 00007fc2f0001570/0090: 00 00 00 00 00 00 00 00-00 00 00 00 00 00 00 00 ................
00:00:26.328328 00007fc2f0001580/00a0: 00 00 00 00 00 00 00 00-00 00 00 00 00 00 00 00 ................
00:00:26.328332 00007fc2f0001590/00b0: 00 00 00 00 00 00 00 00-00 00 00 00 00 00 00 00 ................
00:00:26.328332 00007fc2f00015a0/00c0: 00 00 00 00 00 00 00 00-00 00 00 00 00 00 00 00 ................
00:00:26.328332 00007fc2f00015b0/00d0: 00 00 00 00 00 00 00 00-00 00 00 00 00 00 00 00 ................
00:00:26.328332 00007fc2f00015c0/00e0: 00 00 00 00 00 00 00 00-00 00 00 00 63 82 53 63 ............c.Sc
00:00:26.328332 00007fc2f00015d0/00f0: 36 04 0a 00 02 03 35 01-05 01 04 ff ff ff 00 03 6.....5.........
00:00:26.328332 00007fc2f00015e0/0100: 04 0a 00 02 01 06 04 0a-00 02 01 0f 01 2e 33 04 ..............3.
00:00:26.328332 00007fc2f00015f0/0110: 00 00 02 58 ff 00 00 00-00 00 00 00 00 00 00 00 ...X............
00:00:26.328332 00007fc2f0001600/0120: 00 00 00 00 00 00 00 00-00 00 00 00 00 00 00 00 ................
00:00:26.328332 00007fc2f0001610/0130: 00 00 00 00 00 00 00 00-00 00 00 00 00 00 00 00 ................
00:00:26.328332 00007fc2f0001620/0140: 00 00 00 00 00 00 00 00-00 00 00 00 00 00 00 00 ................
00:00:26.328332 00007fc2f0001630/0150: 00 00 00 00 00 00 00 00-00 00 00 00 00 00 00 00 ................
00:00:26.328332 00007fc2f0001640/0160: 00 00 00 00 00 00 00 00-00 00 00 00 00 00 00 00 ................
00:00:26.328332 00007fc2f0001650/0170: 00 00 00 00 00 00 00 00-00 00 00 00 00 00 00 00 ................
00:00:26.328332 00007fc2f0001660/0180: 00 00 00 00 00 00 00 00-00 00 00 00 00 00 00 00 ................
00:00:26.328332 00007fc2f0001670/0190: 00 00 00 00 00 00 00 00-00 00 00 00 00 00 00 00 ................
00:00:26.328332 00007fc2f0001680/01a0: 00 00 00 00 00 00 00 00-00 00 00 00 00 00 00 00 ................
00:00:26.328332 00007fc2f0001690/01b0: 00 00 00 00 00 00 00 00-00 00 00 00 00 00 00 00 ................
00:00:26.328332 00007fc2f00016a0/01c0: 00 00 00 00 00 00 00 00-00 00 00 00 00 00 00 00 ................
00:00:26.328332 00007fc2f00016b0/01d0: 00 00 00 00 00 00 00 00-00 00 00 00 00 00 00 00 ................
00:00:26.328332 00007fc2f00016c0/01e0: 00 00 00 00 00 00 00 00-00 00 00 00 00 00 00 00 ................
00:00:26.328332 00007fc2f00016d0/01f0: 00 00 00 00 00 00 00 00-00 00 00 00 00 00 00 00 ................
00:00:26.328332 00007fc2f00016e0/0200: 00 00 00 00 00 00 00 00-00 00 00 00 00 00 00 00 ................
00:00:26.328332 00007fc2f00016f0/0210: 00 00 00 00 00 00 00 00-00 00 00 00 00 00 00 00 ................
00:00:26.328332 00007fc2f0001700/0220: 00 00 00 00                                     ....
