Jan 27 12:52 : state_file: Unrecognized line in state file: ## Copyright (C) 2020-2022 Aditya Shakya <adi1090x@gmail.com>
Jan 27 12:52 : state_file: Unrecognized line in state file:
WARNING: Unhandled message: interface=org.freedesktop.DBus, path=/org/freedesktop/DBus, member=ActivatableServicesChanged
WARNING: Unhandled message: interface=org.freedesktop.DBus, path=/org/freedesktop/DBus, member=ActivatableServicesChanged
WARNING: Unhandled message: interface=org.freedesktop.DBus, path=/org/freedesktop/DBus, member=ActivatableServicesChanged
WARNING: Unhandled message: interface=org.freedesktop.DBus, path=/org/freedesktop/DBus, member=ActivatableServicesChanged
WARNING: Unhandled message: interface=org.freedesktop.DBus, path=/org/freedesktop/DBus, member=ActivatableServicesChanged
WARNING: Unhandled message: interface=org.freedesktop.DBus, path=/org/freedesktop/DBus, member=ActivatableServicesChanged
WARNING: Unhandled message: interface=org.freedesktop.DBus, path=/org/freedesktop/DBus, member=ActivatableServicesChanged
WARNING: Unhandled message: interface=org.freedesktop.DBus, path=/org/freedesktop/DBus, member=ActivatableServicesChanged
WARNING: Unhandled message: interface=org.freedesktop.DBus, path=/org/freedesktop/DBus, member=ActivatableServicesChanged
WARNING: Unhandled message: interface=org.freedesktop.DBus, path=/org/freedesktop/DBus, member=ActivatableServicesChanged
WARNING: Unhandled message: interface=org.freedesktop.DBus, path=/org/freedesktop/DBus, member=ActivatableServicesChanged
Jan 27 13:03 : player: played "NEFFEX - Grateful [Copyright Free].mp3"
WARNING: Unhandled message: interface=org.freedesktop.DBus, path=/org/freedesktop/DBus, member=ActivatableServicesChanged
WARNING: Unhandled message: interface=org.freedesktop.DBus, path=/org/freedesktop/DBus, member=ActivatableServicesChanged
WARNING: Unhandled message: interface=org.freedesktop.DBus, path=/org/freedesktop/DBus, member=ActivatableServicesChanged
Jan 27 14:29 : player: played "NEFFEX - Grateful [Copyright Free].mp3"
WARNING: Unhandled message: interface=org.freedesktop.DBus, path=/org/freedesktop/DBus, member=ActivatableServicesChanged
WARNING: Unhandled message: interface=org.freedesktop.DBus, path=/org/freedesktop/DBus, member=ActivatableServicesChanged
WARNING: Unhandled message: interface=org.freedesktop.DBus, path=/org/freedesktop/DBus, member=ActivatableServicesChanged
WARNING: Unhandled message: interface=org.freedesktop.DBus, path=/org/freedesktop/DBus, member=ActivatableServicesChanged
WARNING: Unhandled message: interface=org.freedesktop.DBus, path=/org/freedesktop/DBus, member=ActivatableServicesChanged
WARNING: Unhandled message: interface=org.freedesktop.DBus, path=/org/freedesktop/DBus, member=ActivatableServicesChanged
WARNING: Unhandled message: interface=org.freedesktop.DBus, path=/org/freedesktop/DBus, member=ActivatableServicesChanged
WARNING: Unhandled message: interface=org.freedesktop.DBus, path=/org/freedesktop/DBus, member=ActivatableServicesChanged
Jan 30 02:13 : player: played "NEFFEX - Grateful [Copyright Free].mp3"
Jan 30 02:19 : player: played "NEFFEX - Grateful [Copyright Free].mp3"
Jan 30 02:36 : player: played "NEFFEX - Grateful [Copyright Free].mp3"
Jan 30 02:42 : player: played "NEFFEX - Grateful [Copyright Free].mp3"
Jan 30 20:16 : player: played "NEFFEX - Grateful [Copyright Free].mp3"
Feb 01 09:22 : player: played "NEFFEX - Grateful [Copyright Free].mp3"
Feb 01 10:27 : player: played "NEFFEX - Grateful [Copyright Free].mp3"
Feb 01 10:47 : player: played "NEFFEX - Grateful [Copyright Free].mp3"
Feb 01 10:51 : player: played "NEFFEX - Grateful [Copyright Free].mp3"
Feb 01 13:57 : player: played "NEFFEX - Grateful [Copyright Free].mp3"
WARNING: Unhandled message: interface=org.freedesktop.DBus, path=/org/freedesktop/DBus, member=ActivatableServicesChanged
WARNING: Unhandled message: interface=org.freedesktop.DBus, path=/org/freedesktop/DBus, member=ActivatableServicesChanged
WARNING: Unhandled message: interface=org.freedesktop.DBus, path=/org/freedesktop/DBus, member=ActivatableServicesChanged
WARNING: Unhandled message: interface=org.freedesktop.DBus, path=/org/freedesktop/DBus, member=ActivatableServicesChanged
WARNING: Unhandled message: interface=org.freedesktop.DBus, path=/org/freedesktop/DBus, member=ActivatableServicesChanged
WARNING: Unhandled message: interface=org.freedesktop.DBus, path=/org/freedesktop/DBus, member=ActivatableServicesChanged
WARNING: Unhandled message: interface=org.freedesktop.DBus, path=/org/freedesktop/DBus, member=ActivatableServicesChanged
WARNING: Unhandled message: interface=org.freedesktop.DBus, path=/org/freedesktop/DBus, member=ActivatableServicesChanged
Feb 01 14:25 : player: played "NEFFEX - Grateful [Copyright Free].mp3"
WARNING: Unhandled message: interface=org.freedesktop.DBus, path=/org/freedesktop/DBus, member=ActivatableServicesChanged
WARNING: Unhandled message: interface=org.freedesktop.DBus, path=/org/freedesktop/DBus, member=ActivatableServicesChanged
WARNING: Unhandled message: interface=org.freedesktop.DBus, path=/org/freedesktop/DBus, member=ActivatableServicesChanged
WARNING: Unhandled message: interface=org.freedesktop.DBus, path=/org/freedesktop/DBus, member=ActivatableServicesChanged
Feb 02 01:21 : player: played "NEFFEX - Grateful [Copyright Free].mp3"
Feb 02 01:28 : player: played "NEFFEX - Grateful [Copyright Free].mp3"
WARNING: Unhandled message: interface=org.freedesktop.DBus, path=/org/freedesktop/DBus, member=ActivatableServicesChanged
WARNING: Unhandled message: interface=org.freedesktop.DBus, path=/org/freedesktop/DBus, member=ActivatableServicesChanged
WARNING: Unhandled message: interface=org.freedesktop.DBus, path=/org/freedesktop/DBus, member=ActivatableServicesChanged
WARNING: Unhandled message: interface=org.freedesktop.DBus, path=/org/freedesktop/DBus, member=ActivatableServicesChanged
WARNING: Unhandled message: interface=org.freedesktop.DBus, path=/org/freedesktop/DBus, member=ActivatableServicesChanged
WARNING: Unhandled message: interface=org.freedesktop.DBus, path=/org/freedesktop/DBus, member=ActivatableServicesChanged
Feb 03 02:03 : player: played "Culture Code - Make Me Move (feat. Karra) [NCS Release].mp3"
Feb 03 02:19 : player: played "Culture Code - Make Me Move (feat. Karra) [NCS Release].mp3"
Feb 03 02:20 : player: played "Janji - Heroes Tonight (feat. Johnning) [NCS Release].mp3"
Feb 03 02:21 : output: Failed to play on "pulse audio" (pulse): failed to connect the stream: Input/Output error
Feb 03 02:23 : player: played "Janji - Heroes Tonight (feat. Johnning) [NCS Release].mp3"
Feb 03 02:26 : player: played "N3WPORT - Power (feat. braev) [NCS Release].mp3"
Feb 03 12:06 : player: played "NEFFEX - Grateful [Copyright Free].mp3"
Feb 04 20:06 : player: played "NEFFEX - Grateful [Copyright Free].mp3"
Feb 04 21:36 : player: played "NEFFEX - Grateful [Copyright Free].mp3"
Feb 05 20:40 : player: played "NEFFEX - Grateful [Copyright Free].mp3"
Feb 06 11:08 : player: played "Cartoon - On & On (feat. Daniel Levi) [NCS Release].mp3"
Feb 06 11:12 : player: played "Culture Code - Make Me Move (feat. Karra) [NCS Release].mp3"
Feb 06 11:15 : player: played "Janji - Heroes Tonight (feat. Johnning) [NCS Release].mp3"
Feb 06 14:02 : player: played "N3WPORT - Power (feat. braev) [NCS Release].mp3"
Feb 06 14:19 : player: played "N3WPORT - Power (feat. braev) [NCS Release].mp3"
Feb 06 14:20 : player: played "N3WPORT - Power (feat. braev) [NCS Release].mp3"
Feb 06 23:42 : player: played "N3WPORT - Power (feat. braev) [NCS Release].mp3"
Feb 07 00:11 : player: played "N3WPORT - Power (feat. braev) [NCS Release].mp3"
WARNING: Unhandled message: interface=org.freedesktop.DBus, path=/org/freedesktop/DBus, member=ActivatableServicesChanged
WARNING: Unhandled message: interface=org.freedesktop.DBus, path=/org/freedesktop/DBus, member=ActivatableServicesChanged
WARNING: Unhandled message: interface=org.freedesktop.DBus, path=/org/freedesktop/DBus, member=ActivatableServicesChanged
WARNING: Unhandled message: interface=org.freedesktop.DBus, path=/org/freedesktop/DBus, member=ActivatableServicesChanged
WARNING: Unhandled message: interface=org.freedesktop.DBus, path=/org/freedesktop/DBus, member=ActivatableServicesChanged
WARNING: Unhandled message: interface=org.freedesktop.DBus, path=/org/freedesktop/DBus, member=ActivatableServicesChanged
WARNING: Unhandled message: interface=org.freedesktop.DBus, path=/org/freedesktop/DBus, member=ActivatableServicesChanged
Feb 08 21:47 : player: played "Janji - Heroes Tonight (feat. Johnning) [NCS Release].mp3"
Feb 09 09:15 : player: played "Janji - Heroes Tonight (feat. Johnning) [NCS Release].mp3"
Feb 09 20:36 : player: played "Janji - Heroes Tonight (feat. Johnning) [NCS Release].mp3"
Feb 09 22:35 : player: played "Janji - Heroes Tonight (feat. Johnning) [NCS Release].mp3"
Feb 10 15:11 : player: played "Janji - Heroes Tonight (feat. Johnning) [NCS Release].mp3"
WARNING: Unhandled message: interface=org.freedesktop.DBus, path=/org/freedesktop/DBus, member=ActivatableServicesChanged
WARNING: Unhandled message: interface=org.freedesktop.DBus, path=/org/freedesktop/DBus, member=ActivatableServicesChanged
WARNING: Unhandled message: interface=org.freedesktop.DBus, path=/org/freedesktop/DBus, member=ActivatableServicesChanged
Feb 13 21:16 : player: played "Janji - Heroes Tonight (feat. Johnning) [NCS Release].mp3"
WARNING: Unhandled message: interface=org.freedesktop.DBus, path=/org/freedesktop/DBus, member=ActivatableServicesChanged
WARNING: Unhandled message: interface=org.freedesktop.DBus, path=/org/freedesktop/DBus, member=ActivatableServicesChanged
WARNING: Unhandled message: interface=org.freedesktop.DBus, path=/org/freedesktop/DBus, member=ActivatableServicesChanged
WARNING: Unhandled message: interface=org.freedesktop.DBus, path=/org/freedesktop/DBus, member=ActivatableServicesChanged
WARNING: Unhandled message: interface=org.freedesktop.DBus, path=/org/freedesktop/DBus, member=ActivatableServicesChanged
WARNING: Unhandled message: interface=org.freedesktop.DBus, path=/org/freedesktop/DBus, member=ActivatableServicesChanged
WARNING: Unhandled message: interface=org.freedesktop.DBus, path=/org/freedesktop/DBus, member=ActivatableServicesChanged
Feb 13 22:39 : player: played "Janji - Heroes Tonight (feat. Johnning) [NCS Release].mp3"
Feb 14 12:07 : player: played "Janji - Heroes Tonight (feat. Johnning) [NCS Release].mp3"
Feb 14 20:12 : player: played "Janji - Heroes Tonight (feat. Johnning) [NCS Release].mp3"
Feb 15 12:52 : player: played "Janji - Heroes Tonight (feat. Johnning) [NCS Release].mp3"
Feb 15 14:31 : player: played "Janji - Heroes Tonight (feat. Johnning) [NCS Release].mp3"
Feb 15 22:57 : player: played "Janji - Heroes Tonight (feat. Johnning) [NCS Release].mp3"
Feb 16 09:21 : player: played "Janji - Heroes Tonight (feat. Johnning) [NCS Release].mp3"
Feb 16 10:47 : player: played "Janji - Heroes Tonight (feat. Johnning) [NCS Release].mp3"
Feb 16 22:27 : player: played "Janji - Heroes Tonight (feat. Johnning) [NCS Release].mp3"
Feb 17 23:50 : player: played "Janji - Heroes Tonight (feat. Johnning) [NCS Release].mp3"
WARNING: Unhandled message: interface=org.freedesktop.DBus, path=/org/freedesktop/DBus, member=ActivatableServicesChanged
WARNING: Unhandled message: interface=org.freedesktop.DBus, path=/org/freedesktop/DBus, member=ActivatableServicesChanged
WARNING: Unhandled message: interface=org.freedesktop.DBus, path=/org/freedesktop/DBus, member=ActivatableServicesChanged
WARNING: Unhandled message: interface=org.freedesktop.DBus, path=/org/freedesktop/DBus, member=ActivatableServicesChanged
WARNING: Unhandled message: interface=org.freedesktop.DBus, path=/org/freedesktop/DBus, member=ActivatableServicesChanged
WARNING: Unhandled message: interface=org.freedesktop.DBus, path=/org/freedesktop/DBus, member=ActivatableServicesChanged
WARNING: Unhandled message: interface=org.freedesktop.DBus, path=/org/freedesktop/DBus, member=ActivatableServicesChanged
Feb 18 21:01 : player: played "Janji - Heroes Tonight (feat. Johnning) [NCS Release].mp3"
Feb 20 09:04 : player: played "Janji - Heroes Tonight (feat. Johnning) [NCS Release].mp3"
Feb 20 19:30 : player: played "Janji - Heroes Tonight (feat. Johnning) [NCS Release].mp3"
Feb 21 09:55 : player: played "Janji - Heroes Tonight (feat. Johnning) [NCS Release].mp3"
Feb 22 09:10 : player: played "Janji - Heroes Tonight (feat. Johnning) [NCS Release].mp3"
WARNING: Unhandled message: interface=org.freedesktop.DBus, path=/org/freedesktop/DBus, member=ActivatableServicesChanged
WARNING: Unhandled message: interface=org.freedesktop.DBus, path=/org/freedesktop/DBus, member=ActivatableServicesChanged
WARNING: Unhandled message: interface=org.freedesktop.DBus, path=/org/freedesktop/DBus, member=ActivatableServicesChanged
WARNING: Unhandled message: interface=org.freedesktop.DBus, path=/org/freedesktop/DBus, member=ActivatableServicesChanged
WARNING: Unhandled message: interface=org.freedesktop.DBus, path=/org/freedesktop/DBus, member=ActivatableServicesChanged
WARNING: Unhandled message: interface=org.freedesktop.DBus, path=/org/freedesktop/DBus, member=ActivatableServicesChanged
WARNING: Unhandled message: interface=org.freedesktop.DBus, path=/org/freedesktop/DBus, member=ActivatableServicesChanged
WARNING: Unhandled message: interface=org.freedesktop.DBus, path=/org/freedesktop/DBus, member=ActivatableServicesChanged
WARNING: Unhandled message: interface=org.freedesktop.DBus, path=/org/freedesktop/DBus, member=ActivatableServicesChanged
WARNING: Unhandled message: interface=org.freedesktop.DBus, path=/org/freedesktop/DBus, member=ActivatableServicesChanged
WARNING: Unhandled message: interface=org.freedesktop.DBus, path=/org/freedesktop/DBus, member=ActivatableServicesChanged
WARNING: Unhandled message: interface=org.freedesktop.DBus, path=/org/freedesktop/DBus, member=ActivatableServicesChanged
WARNING: Unhandled message: interface=org.freedesktop.DBus, path=/org/freedesktop/DBus, member=ActivatableServicesChanged
Feb 28 13:43 : player: played "Janji - Heroes Tonight (feat. Johnning) [NCS Release].mp3"
Feb 28 18:51 : player: played "Janji - Heroes Tonight (feat. Johnning) [NCS Release].mp3"
Feb 28 18:54 : player: played "Janji - Heroes Tonight (feat. Johnning) [NCS Release].mp3"
Feb 28 18:58 : player: played "Janji - Heroes Tonight (feat. Johnning) [NCS Release].mp3"
Feb 28 18:59 : player: played "Janji - Heroes Tonight (feat. Johnning) [NCS Release].mp3"
Feb 28 19:03 : player: played "Janji - Heroes Tonight (feat. Johnning) [NCS Release].mp3"
Feb 28 19:04 : player: played "Janji - Heroes Tonight (feat. Johnning) [NCS Release].mp3"
Feb 28 19:06 : player: played "Janji - Heroes Tonight (feat. Johnning) [NCS Release].mp3"
Feb 28 19:06 : player: played "Janji - Heroes Tonight (feat. Johnning) [NCS Release].mp3"
Feb 28 19:11 : player: played "Janji - Heroes Tonight (feat. Johnning) [NCS Release].mp3"
Feb 28 19:11 : player: played "Janji - Heroes Tonight (feat. Johnning) [NCS Release].mp3"
Feb 28 19:16 : player: played "Janji - Heroes Tonight (feat. Johnning) [NCS Release].mp3"
Feb 28 19:17 : player: played "Janji - Heroes Tonight (feat. Johnning) [NCS Release].mp3"
Feb 28 19:19 : player: played "Janji - Heroes Tonight (feat. Johnning) [NCS Release].mp3"
Feb 28 19:19 : player: played "Janji - Heroes Tonight (feat. Johnning) [NCS Release].mp3"
Feb 28 19:20 : player: played "Janji - Heroes Tonight (feat. Johnning) [NCS Release].mp3"
Feb 28 19:32 : player: played "Janji - Heroes Tonight (feat. Johnning) [NCS Release].mp3"
Feb 28 19:41 : player: played "Janji - Heroes Tonight (feat. Johnning) [NCS Release].mp3"
Feb 28 19:42 : player: played "Janji - Heroes Tonight (feat. Johnning) [NCS Release].mp3"
Feb 28 19:46 : player: played "Janji - Heroes Tonight (feat. Johnning) [NCS Release].mp3"
Feb 28 19:48 : player: played "Janji - Heroes Tonight (feat. Johnning) [NCS Release].mp3"
Feb 28 20:08 : player: played "Janji - Heroes Tonight (feat. Johnning) [NCS Release].mp3"
Feb 28 20:36 : player: played "Janji - Heroes Tonight (feat. Johnning) [NCS Release].mp3"
Mar 01 08:54 : player: played "Janji - Heroes Tonight (feat. Johnning) [NCS Release].mp3"
Mar 01 23:51 : player: played "Janji - Heroes Tonight (feat. Johnning) [NCS Release].mp3"
Mar 02 15:05 : player: played "Janji - Heroes Tonight (feat. Johnning) [NCS Release].mp3"
Mar 02 18:23 : player: played "Janji - Heroes Tonight (feat. Johnning) [NCS Release].mp3"
Mar 03 14:32 : player: played "Janji - Heroes Tonight (feat. Johnning) [NCS Release].mp3"
Mar 05 12:45 : player: played "Janji - Heroes Tonight (feat. Johnning) [NCS Release].mp3"
Mar 05 19:19 : player: played "Janji - Heroes Tonight (feat. Johnning) [NCS Release].mp3"
Mar 06 16:17 : player: played "Janji - Heroes Tonight (feat. Johnning) [NCS Release].mp3"
WARNING: Unhandled message: interface=org.freedesktop.DBus, path=/org/freedesktop/DBus, member=ActivatableServicesChanged
WARNING: Unhandled message: interface=org.freedesktop.DBus, path=/org/freedesktop/DBus, member=ActivatableServicesChanged
WARNING: Unhandled message: interface=org.freedesktop.DBus, path=/org/freedesktop/DBus, member=ActivatableServicesChanged
WARNING: Unhandled message: interface=org.freedesktop.DBus, path=/org/freedesktop/DBus, member=ActivatableServicesChanged
WARNING: Unhandled message: interface=org.freedesktop.DBus, path=/org/freedesktop/DBus, member=ActivatableServicesChanged
WARNING: Unhandled message: interface=org.freedesktop.DBus, path=/org/freedesktop/DBus, member=ActivatableServicesChanged
WARNING: Unhandled message: interface=org.freedesktop.DBus, path=/org/freedesktop/DBus, member=ActivatableServicesChanged
WARNING: Unhandled message: interface=org.freedesktop.DBus, path=/org/freedesktop/DBus, member=ActivatableServicesChanged
WARNING: Unhandled message: interface=org.freedesktop.DBus, path=/org/freedesktop/DBus, member=ActivatableServicesChanged
Mar 06 22:09 : player: played "Janji - Heroes Tonight (feat. Johnning) [NCS Release].mp3"
Mar 07 21:21 : player: played "Janji - Heroes Tonight (feat. Johnning) [NCS Release].mp3"
Mar 09 12:07 : player: played "Janji - Heroes Tonight (feat. Johnning) [NCS Release].mp3"
Mar 09 21:38 : player: played "Janji - Heroes Tonight (feat. Johnning) [NCS Release].mp3"
WARNING: Unhandled message: interface=org.freedesktop.DBus, path=/org/freedesktop/DBus, member=ActivatableServicesChanged
WARNING: Unhandled message: interface=org.freedesktop.DBus, path=/org/freedesktop/DBus, member=ActivatableServicesChanged
WARNING: Unhandled message: interface=org.freedesktop.DBus, path=/org/freedesktop/DBus, member=ActivatableServicesChanged
WARNING: Unhandled message: interface=org.freedesktop.DBus, path=/org/freedesktop/DBus, member=ActivatableServicesChanged
WARNING: Unhandled message: interface=org.freedesktop.DBus, path=/org/freedesktop/DBus, member=ActivatableServicesChanged
WARNING: Unhandled message: interface=org.freedesktop.DBus, path=/org/freedesktop/DBus, member=ActivatableServicesChanged
WARNING: Unhandled message: interface=org.freedesktop.DBus, path=/org/freedesktop/DBus, member=ActivatableServicesChanged
WARNING: Unhandled message: interface=org.freedesktop.DBus, path=/org/freedesktop/DBus, member=ActivatableServicesChanged
WARNING: Unhandled message: interface=org.freedesktop.DBus, path=/org/freedesktop/DBus, member=ActivatableServicesChanged
WARNING: Unhandled message: interface=org.freedesktop.DBus, path=/org/freedesktop/DBus, member=ActivatableServicesChanged
WARNING: Unhandled message: interface=org.freedesktop.DBus, path=/org/freedesktop/DBus, member=ActivatableServicesChanged
WARNING: Unhandled message: interface=org.freedesktop.DBus, path=/org/freedesktop/DBus, member=ActivatableServicesChanged
WARNING: Unhandled message: interface=org.freedesktop.DBus, path=/org/freedesktop/DBus, member=ActivatableServicesChanged
Mar 11 19:45 : player: played "Janji - Heroes Tonight (feat. Johnning) [NCS Release].mp3"
Mar 11 19:46 : player: played "Janji - Heroes Tonight (feat. Johnning) [NCS Release].mp3"
WARNING: Unhandled message: interface=org.freedesktop.DBus, path=/org/freedesktop/DBus, member=ActivatableServicesChanged
WARNING: Unhandled message: interface=org.freedesktop.DBus, path=/org/freedesktop/DBus, member=ActivatableServicesChanged
WARNING: Unhandled message: interface=org.freedesktop.DBus, path=/org/freedesktop/DBus, member=ActivatableServicesChanged
WARNING: Unhandled message: interface=org.freedesktop.DBus, path=/org/freedesktop/DBus, member=ActivatableServicesChanged
WARNING: Unhandled message: interface=org.freedesktop.DBus, path=/org/freedesktop/DBus, member=ActivatableServicesChanged
WARNING: Unhandled message: interface=org.freedesktop.DBus, path=/org/freedesktop/DBus, member=ActivatableServicesChanged
WARNING: Unhandled message: interface=org.freedesktop.DBus, path=/org/freedesktop/DBus, member=ActivatableServicesChanged
WARNING: Unhandled message: interface=org.freedesktop.DBus, path=/org/freedesktop/DBus, member=ActivatableServicesChanged
WARNING: Unhandled message: interface=org.freedesktop.DBus, path=/org/freedesktop/DBus, member=ActivatableServicesChanged
